【登录信息】
*c631dac97d3f6112e92c51af79b3ed4a*
`登陆天数: 1天 / 1天
等级: 1
石头: 4
呼符: 5
体力: 105.76 / 20
友情点: 0 / 4010`
_2022-08-09 17:50:26_
--------
*c631dac97d3f6112e92c51af79b3ed4a*
`登陆天数: 1天 / 1天
等级: 1
石头: 4
呼符: 5
体力: 283.74666666666667 / 20
友情点: 0 / 4010`
_2022-08-09 17:50:34_
--------
*c631dac97d3f6112e92c51af79b3ed4a*
`登陆天数: 1天 / 1天
等级: 1
石头: 4
呼符: 5
体力: 137.11 / 20
友情点: 0 / 4020`
_2022-08-09 17:50:42_
--------
*3a824154b16ed7dab899bf000b80eeee*
`登陆天数: 2天 / 2天
等级: 1
石头: 4
呼符: 5
体力: 304.7966666666667 / 20
友情点: 0 / 4010`
_2022-08-09 17:50:49_
--------
*c631dac97d3f6112e92c51af79b3ed4a*
`登陆天数: 1天 / 1天
等级: 1
石头: 4
呼符: 5
体力: 256.16666666666663 / 20
友情点: 0 / 4010`
_2022-08-09 17:50:57_
--------
*c631dac97d3f6112e92c51af79b3ed4a*
`登陆天数: 1天 / 1天
等级: 1
石头: 4
呼符: 5
体力: 142.4 / 20
友情点: 0 / 4010`
_2022-08-09 17:51:05_
--------
*c631dac97d3f6112e92c51af79b3ed4a*
`登陆天数: 1天 / 1天
等级: 1
石头: 4
呼符: 5
体力: 126.77666666666667 / 20
友情点: 0 / 4010`
_2022-08-09 17:51:12_
--------
*c631dac97d3f6112e92c51af79b3ed4a*
`登陆天数: 1天 / 1天
等级: 1
石头: 4
呼符: 5
体力: 121.58666666666667 / 20
友情点: 0 / 4010`
_2022-08-09 17:51:20_
--------
*c631dac97d3f6112e92c51af79b3ed4a*
`登陆天数: 1天 / 1天
等级: 1
石头: 4
呼符: 5
体力: 90.31666666666666 / 20
友情点: 0 / 4010`
_2022-08-09 17:51:28_
--------
*c631dac97d3f6112e92c51af79b3ed4a*
`登陆天数: 1天 / 1天
等级: 1
石头: 4
呼符: 5
体力: 279.07666666666665 / 20
友情点: 0 / 4010`
_2022-08-09 17:51:36_
--------
*c631dac97d3f6112e92c51af79b3ed4a*
`登陆天数: 1天 / 1天
等级: 1
石头: 4
呼符: 5
体力: 270.6633333333333 / 20
友情点: 0 / 4010`
_2022-08-09 17:51:43_
--------
*c631dac97d3f6112e92c51af79b3ed4a*
`登陆天数: 1天 / 1天
等级: 1
石头: 4
呼符: 5
体力: 111.26 / 20
友情点: 0 / 4010`
_2022-08-09 17:51:51_
--------
*c631dac97d3f6112e92c51af79b3ed4a*
`登陆天数: 1天 / 1天
等级: 1
石头: 4
呼符: 5
体力: 261.1533333333333 / 20
友情点: 0 / 4010`
_2022-08-09 17:51:59_
--------
*c631dac97d3f6112e92c51af79b3ed4a*
`登陆天数: 1天 / 1天
等级: 1
石头: 4
呼符: 5
体力: 147.82333333333332 / 20
友情点: 0 / 4010`
_2022-08-09 17:52:07_
--------
*c631dac97d3f6112e92c51af79b3ed4a*
`登陆天数: 1天 / 1天
等级: 1
石头: 4
呼符: 5
体力: 95.69 / 20
友情点: 0 / 4010`
_2022-08-09 17:52:14_
--------
*c631dac97d3f6112e92c51af79b3ed4a*
`登陆天数: 1天 / 1天
等级: 1
石头: 4
呼符: 5
体力: 195.71333333333334 / 20
友情点: 0 / 4010`
_2022-08-09 17:52:22_
--------
*c631dac97d3f6112e92c51af79b3ed4a*
`登陆天数: 1天 / 1天
等级: 1
石头: 4
呼符: 5
体力: 132.25666666666666 / 20
友情点: 0 / 4010`
_2022-08-09 17:52:31_
--------
*c631dac97d3f6112e92c51af79b3ed4a*
`登陆天数: 1天 / 1天
等级: 1
石头: 4
呼符: 5
体力: 156.71666666666667 / 20
友情点: 0 / 4010`
_2022-08-09 17:52:39_
--------
*c631dac97d3f6112e92c51af79b3ed4a*
`登陆天数: 1天 / 1天
等级: 1
石头: 4
呼符: 5
体力: 266.09333333333336 / 20
友情点: 0 / 4010`
_2022-08-09 17:52:47_
--------
*c631dac97d3f6112e92c51af79b3ed4a*
`登陆天数: 1天 / 1天
等级: 1
石头: 4
呼符: 5
体力: 116.68666666666667 / 20
友情点: 0 / 4010`
_2022-08-09 17:52:55_
--------
